{
  "comments": [
    {
      "unresolved": false,
      "key": {
        "uuid": "a82517d6_f8d450a4",
        "filename": "/PATCHSET_LEVEL",
        "patchSetId": 1
      },
      "lineNbr": 0,
      "author": {
        "id": 31371
      },
      "writtenOn": "2023-10-02T17:17:37Z",
      "side": 1,
      "message": "Oh wait, there\u0027s a build error.\n\n```\n[ 81%] Building CXX object tests/VulkanWrapper/CMakeFiles/VulkanWrapper.dir/Buffer.cpp.o\nIn file included from /src/swiftshader/tests/VulkanWrapper/VulkanHeaders.hpp:33,\n                 from /src/swiftshader/tests/VulkanWrapper/Buffer.hpp:18,\n                 from /src/swiftshader/tests/VulkanWrapper/Buffer.cpp:15:\n/src/swiftshader/include/vulkan/vulkan.hpp:15:10: fatal error: vulkan/vulkan_hpp_macros.hpp: No such file or directory\n   15 | #include \u003cvulkan/vulkan_hpp_macros.hpp\u003e\n      |          ^~~~~~~~~~~~~~~~~~~~~~~~~~~~~~\ncompilation terminated.\ntests/VulkanWrapper/CMakeFiles/VulkanWrapper.dir/build.make:82: recipe for target \u0027tests/VulkanWrapper/CMakeFiles/VulkanWrapper.dir/Buffer.cpp.o\u0027 failed\nmake[2]: *** [tests/VulkanWrapper/CMakeFiles/VulkanWrapper.dir/Buffer.cpp.o] Error 1\nCMakeFiles/Makefile2:3740: recipe for target \u0027tests/VulkanWrapper/CMakeFiles/VulkanWrapper.dir/all\u0027 failed\nmake[1]: *** [tests/VulkanWrapper/CMakeFiles/VulkanWrapper.dir/all] Error 2\nmake[1]: *** Waiting for unfinished jobs....\n```",
      "revId": "d17bc5d49826ee135efa8bac5a337f4aeb661cdf",
      "serverId": "aea13c4a-0b89-3eca-aee9-e193b1b77aa4"
    }
  ]
}